Analysis & Synthesis report for Pong
Fri Dec 20 15:36:48 2019
Quartus II 64-Bit Version 13.1.0 Build 162 10/23/2013 SJ Web Edition


---------------------
; Table of Contents ;
---------------------
  1. Legal Notice
  2. Analysis & Synthesis Summary
  3. Analysis & Synthesis Settings
  4. Parallel Compilation
  5. Analysis & Synthesis Source Files Read
  6. Analysis & Synthesis Resource Usage Summary
  7. Analysis & Synthesis Resource Utilization by Entity
  8. Registers Removed During Synthesis
  9. General Register Statistics
 10. Inverted Register Statistics
 11. Multiplexer Restructuring Statistics (Restructuring Performed)
 12. Parameter Settings for User Entity Instance: VGAController:inst|CMPX:inst7
 13. Parameter Settings for User Entity Instance: VGAController:inst|REGX:inst
 14. Parameter Settings for User Entity Instance: VGAController:inst|CMPX:inst2
 15. Parameter Settings for User Entity Instance: VGAController:inst|CONSTX:inst4
 16. Parameter Settings for User Entity Instance: VGAController:inst|CONSTX:inst9
 17. Parameter Settings for User Entity Instance: VGAController:inst|CMPX:inst6
 18. Parameter Settings for User Entity Instance: VGAController:inst|CONSTX:inst8
 19. Parameter Settings for User Entity Instance: VGAController:inst|CMPX:inst12
 20. Parameter Settings for User Entity Instance: VGAController:inst|REGX:inst1
 21. Parameter Settings for User Entity Instance: VGAController:inst|CMPX:inst3
 22. Parameter Settings for User Entity Instance: VGAController:inst|CONSTX:inst5
 23. Parameter Settings for User Entity Instance: VGAController:inst|CONSTX:inst14
 24. Parameter Settings for User Entity Instance: VGAController:inst|CMPX:inst11
 25. Parameter Settings for User Entity Instance: VGAController:inst|CONSTX:inst13
 26. Parameter Settings for User Entity Instance: VGAController:inst|CMPX:inst19
 27. Parameter Settings for User Entity Instance: VGAController:inst|CONSTX:inst18
 28. Parameter Settings for User Entity Instance: VGAController:inst|CMPX:inst20
 29. Parameter Settings for User Entity Instance: VGAController:inst|CONSTX:inst17
 30. Parameter Settings for User Entity Instance: MP4X:inst19|MP2X:inst1
 31. Parameter Settings for User Entity Instance: MP4X:inst19|MP2X:inst
 32. Parameter Settings for User Entity Instance: MP4X:inst19|MP2X:inst2
 33. Parameter Settings for User Entity Instance: Player1:inst10|CMPX:inst5
 34. Parameter Settings for User Entity Instance: Player1:inst10|REGX:inst1
 35. Parameter Settings for User Entity Instance: Player1:inst10|CMPX:inst4
 36. Parameter Settings for User Entity Instance: Player1:inst10|REGX:inst
 37. Parameter Settings for User Entity Instance: Player1:inst10|CMPX:inst8
 38. Parameter Settings for User Entity Instance: Player1:inst10|REGX:inst2
 39. Parameter Settings for User Entity Instance: Player1:inst10|CMPX:inst119
 40. Parameter Settings for User Entity Instance: Player1:inst10|CONSTX:inst23
 41. Parameter Settings for User Entity Instance: Player1:inst10|REGX:inst7
 42. Parameter Settings for User Entity Instance: Player1:inst10|CMPX:inst120
 43. Parameter Settings for User Entity Instance: Player1:inst10|CONSTX:inst25
 44. Parameter Settings for User Entity Instance: Player1:inst10|CLK_DIVIDER:inst12
 45. Parameter Settings for User Entity Instance: Player1:inst10|CMPX:inst118
 46. Parameter Settings for User Entity Instance: Player1:inst10|CONSTX:inst20
 47. Parameter Settings for User Entity Instance: Player1:inst10|CONSTX:inst19
 48. Parameter Settings for User Entity Instance: Player1:inst10|CONSTX:inst18
 49. Parameter Settings for User Entity Instance: Background:inst1|MP2X:inst12
 50. Parameter Settings for User Entity Instance: Background:inst1|CMPX:inst3
 51. Parameter Settings for User Entity Instance: Background:inst1|CONSTX:inst2
 52. Parameter Settings for User Entity Instance: Background:inst1|CMPX:inst
 53. Parameter Settings for User Entity Instance: Background:inst1|CONSTX:inst1
 54. Parameter Settings for User Entity Instance: Background:inst1|CONSTX:inst14
 55. Parameter Settings for User Entity Instance: Background:inst1|CONSTX:inst8
 56. Parameter Settings for User Entity Instance: Background:inst1|MP2X:inst10
 57. Parameter Settings for User Entity Instance: Background:inst1|CONSTX:inst13
 58. Parameter Settings for User Entity Instance: Background:inst1|CONSTX:inst7
 59. Parameter Settings for User Entity Instance: Background:inst1|MP2X:inst11
 60. Parameter Settings for User Entity Instance: Background:inst1|CONSTX:inst9
 61. Parameter Settings for User Entity Instance: Background:inst1|CONSTX:inst20
 62. Parameter Settings for User Entity Instance: MP4X:inst17|MP2X:inst1
 63. Parameter Settings for User Entity Instance: MP4X:inst17|MP2X:inst
 64. Parameter Settings for User Entity Instance: MP4X:inst17|MP2X:inst2
 65. Parameter Settings for User Entity Instance: MP4X:inst15|MP2X:inst1
 66. Parameter Settings for User Entity Instance: MP4X:inst15|MP2X:inst
 67. Parameter Settings for User Entity Instance: MP4X:inst15|MP2X:inst2
 68. Elapsed Time Per Partition
 69. Analysis & Synthesis Messages



----------------
; Legal Notice ;
----------------
Copyright (C) 1991-2013 Altera Corporation
Your use of Altera Corporation's design tools, logic functions 
and other software and tools, and its AMPP partner logic 
functions, and any output files from any of the foregoing 
(including device programming or simulation files), and any 
associated documentation or information are expressly subject 
to the terms and conditions of the Altera Program License 
Subscription Agreement, Altera MegaCore Function License 
Agreement, or other applicable license agreement, including, 
without limitation, that your use is for the sole purpose of 
programming logic devices manufactured by Altera and sold by 
Altera or its authorized distributors.  Please refer to the 
applicable agreement for further details.



+---------------------------------------------------------------------------------+
; Analysis & Synthesis Summary                                                    ;
+------------------------------------+--------------------------------------------+
; Analysis & Synthesis Status        ; Successful - Fri Dec 20 15:36:48 2019      ;
; Quartus II 64-Bit Version          ; 13.1.0 Build 162 10/23/2013 SJ Web Edition ;
; Revision Name                      ; Pong                                       ;
; Top-level Entity Name              ; Pong                                       ;
; Family                             ; Cyclone III                                ;
; Total logic elements               ; 211                                        ;
;     Total combinational functions  ; 180                                        ;
;     Dedicated logic registers      ; 94                                         ;
; Total registers                    ; 94                                         ;
; Total pins                         ; 17                                         ;
; Total virtual pins                 ; 0                                          ;
; Total memory bits                  ; 0                                          ;
; Embedded Multiplier 9-bit elements ; 0                                          ;
; Total PLLs                         ; 0                                          ;
+------------------------------------+--------------------------------------------+


+----------------------------------------------------------------------------------------------------------------------+
; Analysis & Synthesis Settings                                                                                        ;
+----------------------------------------------------------------------------+--------------------+--------------------+
; Option                                                                     ; Setting            ; Default Value      ;
+----------------------------------------------------------------------------+--------------------+--------------------+
; Device                                                                     ; EP3C16F484C6       ;                    ;
; Top-level entity name                                                      ; Pong               ; Pong               ;
; Family name                                                                ; Cyclone III        ; Cyclone IV GX      ;
; Use smart compilation                                                      ; Off                ; Off                ;
; Enable parallel Assembler and TimeQuest Timing Analyzer during compilation ; On                 ; On                 ;
; Enable compact report table                                                ; Off                ; Off                ;
; Restructure Multiplexers                                                   ; Auto               ; Auto               ;
; Create Debugging Nodes for IP Cores                                        ; Off                ; Off                ;
; Preserve fewer node names                                                  ; On                 ; On                 ;
; Disable OpenCore Plus hardware evaluation                                  ; Off                ; Off                ;
; Verilog Version                                                            ; Verilog_2001       ; Verilog_2001       ;
; VHDL Version                                                               ; VHDL_1993          ; VHDL_1993          ;
; State Machine Processing                                                   ; Auto               ; Auto               ;
; Safe State Machine                                                         ; Off                ; Off                ;
; Extract Verilog State Machines                                             ; On                 ; On                 ;
; Extract VHDL State Machines                                                ; On                 ; On                 ;
; Ignore Verilog initial constructs                                          ; Off                ; Off                ;
; Iteration limit for constant Verilog loops                                 ; 5000               ; 5000               ;
; Iteration limit for non-constant Verilog loops                             ; 250                ; 250                ;
; Add Pass-Through Logic to Inferred RAMs                                    ; On                 ; On                 ;
; Infer RAMs from Raw Logic                                                  ; On                 ; On                 ;
; Parallel Synthesis                                                         ; On                 ; On                 ;
; DSP Block Balancing                                                        ; Auto               ; Auto               ;
; NOT Gate Push-Back                                                         ; On                 ; On                 ;
; Power-Up Don't Care                                                        ; On                 ; On                 ;
; Remove Redundant Logic Cells                                               ; Off                ; Off                ;
; Remove Duplicate Registers                                                 ; On                 ; On                 ;
; Ignore CARRY Buffers                                                       ; Off                ; Off                ;
; Ignore CASCADE Buffers                                                     ; Off                ; Off                ;
; Ignore GLOBAL Buffers                                                      ; Off                ; Off                ;
; Ignore ROW GLOBAL Buffers                                                  ; Off                ; Off                ;
; Ignore LCELL Buffers                                                       ; Off                ; Off                ;
; Ignore SOFT Buffers                                                        ; On                 ; On                 ;
; Limit AHDL Integers to 32 Bits                                             ; Off                ; Off                ;
; Optimization Technique                                                     ; Balanced           ; Balanced           ;
; Carry Chain Length                                                         ; 70                 ; 70                 ;
; Auto Carry Chains                                                          ; On                 ; On                 ;
; Auto Open-Drain Pins                                                       ; On                 ; On                 ;
; Perform WYSIWYG Primitive Resynthesis                                      ; Off                ; Off                ;
; Auto ROM Replacement                                                       ; On                 ; On                 ;
; Auto RAM Replacement                                                       ; On                 ; On                 ;
; Auto DSP Block Replacement                                                 ; On                 ; On                 ;
; Auto Shift Register Replacement                                            ; Auto               ; Auto               ;
; Allow Shift Register Merging across Hierarchies                            ; Auto               ; Auto               ;
; Auto Clock Enable Replacement                                              ; On                 ; On                 ;
; Strict RAM Replacement                                                     ; Off                ; Off                ;
; Allow Synchronous Control Signals                                          ; On                 ; On                 ;
; Force Use of Synchronous Clear Signals                                     ; Off                ; Off                ;
; Auto RAM Block Balancing                                                   ; On                 ; On                 ;
; Auto RAM to Logic Cell Conversion                                          ; Off                ; Off                ;
; Auto Resource Sharing                                                      ; Off                ; Off                ;
; Allow Any RAM Size For Recognition                                         ; Off                ; Off                ;
; Allow Any ROM Size For Recognition                                         ; Off                ; Off                ;
; Allow Any Shift Register Size For Recognition                              ; Off                ; Off                ;
; Use LogicLock Constraints during Resource Balancing                        ; On                 ; On                 ;
; Ignore translate_off and synthesis_off directives                          ; Off                ; Off                ;
; Timing-Driven Synthesis                                                    ; On                 ; On                 ;
; Report Parameter Settings                                                  ; On                 ; On                 ;
; Report Source Assignments                                                  ; On                 ; On                 ;
; Report Connectivity Checks                                                 ; On                 ; On                 ;
; Ignore Maximum Fan-Out Assignments                                         ; Off                ; Off                ;
; Synchronization Register Chain Length                                      ; 2                  ; 2                  ;
; PowerPlay Power Optimization                                               ; Normal compilation ; Normal compilation ;
; HDL message level                                                          ; Level2             ; Level2             ;
; Suppress Register Optimization Related Messages                            ; Off                ; Off                ;
; Number of Removed Registers Reported in Synthesis Report                   ; 5000               ; 5000               ;
; Number of Swept Nodes Reported in Synthesis Report                         ; 5000               ; 5000               ;
; Number of Inverted Registers Reported in Synthesis Report                  ; 100                ; 100                ;
; Clock MUX Protection                                                       ; On                 ; On                 ;
; Auto Gated Clock Conversion                                                ; Off                ; Off                ;
; Block Design Naming                                                        ; Auto               ; Auto               ;
; SDC constraint protection                                                  ; Off                ; Off                ;
; Synthesis Effort                                                           ; Auto               ; Auto               ;
; Shift Register Replacement - Allow Asynchronous Clear Signal               ; On                 ; On                 ;
; Pre-Mapping Resynthesis Optimization                                       ; Off                ; Off                ;
; Analysis & Synthesis Message Level                                         ; Medium             ; Medium             ;
; Disable Register Merging Across Hierarchies                                ; Auto               ; Auto               ;
; Resource Aware Inference For Block RAM                                     ; On                 ; On                 ;
; Synthesis Seed                                                             ; 1                  ; 1                  ;
+----------------------------------------------------------------------------+--------------------+--------------------+


Parallel compilation was disabled, but you have multiple processors available. Enable parallel compilation to reduce compilation time.
+-------------------------------------+
; Parallel Compilation                ;
+----------------------------+--------+
; Processors                 ; Number ;
+----------------------------+--------+
; Number detected on machine ; 4      ;
; Maximum allowed            ; 1      ;
+----------------------------+--------+


+----------------------------------------------------------------------------------------------------------------------------------------------------------------+
; Analysis & Synthesis Source Files Read                                                                                                                         ;
+----------------------------------+-----------------+------------------------------------------+------------------------------------------------------+---------+
; File Name with User-Entered Path ; Used in Netlist ; File Type                                ; File Name with Absolute Path                         ; Library ;
+----------------------------------+-----------------+------------------------------------------+------------------------------------------------------+---------+
; Pong.bdf                         ; yes             ; User Block Diagram/Schematic File        ; C:/Users/gm180372/Desktop/Pong/Pong.bdf              ;         ;
; KeyDetector.bdf                  ; yes             ; User Block Diagram/Schematic File        ; C:/Users/gm180372/Desktop/Pong/KeyDetector.bdf       ;         ;
; Player1.bdf                      ; yes             ; User Block Diagram/Schematic File        ; C:/Users/gm180372/Desktop/Pong/Player1.bdf           ;         ;
; MP4X.bdf                         ; yes             ; User Block Diagram/Schematic File        ; C:/Users/gm180372/Desktop/Pong/MP4X.bdf              ;         ;
; vgacontroller.bdf                ; yes             ; Auto-Found Block Diagram/Schematic File  ; C:/Users/gm180372/Desktop/Pong/vgacontroller.bdf     ;         ;
; cmpx.vhd                         ; yes             ; Auto-Found VHDL File                     ; C:/Users/gm180372/Desktop/Pong/cmpx.vhd              ;         ;
; regx.vhd                         ; yes             ; Auto-Found VHDL File                     ; C:/Users/gm180372/Desktop/Pong/regx.vhd              ;         ;
; constx.vhd                       ; yes             ; Auto-Found VHDL File                     ; C:/Users/gm180372/Desktop/Pong/constx.vhd            ;         ;
; mp2x.vhd                         ; yes             ; Auto-Found VHDL File                     ; C:/Users/gm180372/Desktop/Pong/mp2x.vhd              ;         ;
; clk_divider.vhd                  ; yes             ; Auto-Found VHDL File                     ; C:/Users/gm180372/Desktop/Pong/clk_divider.vhd       ;         ;
; keyboardinterface.bdf            ; yes             ; Auto-Found Block Diagram/Schematic File  ; C:/Users/gm180372/Desktop/Pong/keyboardinterface.bdf ;         ;
; risingedge.bdf                   ; yes             ; Auto-Found Block Diagram/Schematic File  ; C:/Users/gm180372/Desktop/Pong/risingedge.bdf        ;         ;
; debouncer.bdf                    ; yes             ; Auto-Found Block Diagram/Schematic File  ; C:/Users/gm180372/Desktop/Pong/debouncer.bdf         ;         ;
; reg1_inc_cl.bdf                  ; yes             ; Auto-Found Block Diagram/Schematic File  ; C:/Users/gm180372/Desktop/Pong/reg1_inc_cl.bdf       ;         ;
; background.bdf                   ; yes             ; Auto-Found Block Diagram/Schematic File  ; C:/Users/gm180372/Desktop/Pong/background.bdf        ;         ;
+----------------------------------+-----------------+------------------------------------------+------------------------------------------------------+---------+


+---------------------------------------------------------+
; Analysis & Synthesis Resource Usage Summary             ;
+---------------------------------------------+-----------+
; Resource                                    ; Usage     ;
+---------------------------------------------+-----------+
; Estimated Total logic elements              ; 211       ;
;                                             ;           ;
; Total combinational functions               ; 180       ;
; Logic element usage by number of LUT inputs ;           ;
;     -- 4 input functions                    ; 66        ;
;     -- 3 input functions                    ; 43        ;
;     -- <=2 input functions                  ; 71        ;
;                                             ;           ;
; Logic elements by mode                      ;           ;
;     -- normal mode                          ; 108       ;
;     -- arithmetic mode                      ; 72        ;
;                                             ;           ;
; Total registers                             ; 94        ;
;     -- Dedicated logic registers            ; 94        ;
;     -- I/O registers                        ; 0         ;
;                                             ;           ;
; I/O pins                                    ; 17        ;
; Embedded Multiplier 9-bit elements          ; 0         ;
; Maximum fan-out node                        ; CLK~input ;
; Maximum fan-out                             ; 75        ;
; Total fan-out                               ; 760       ;
; Average fan-out                             ; 2.47      ;
+---------------------------------------------+-----------+


+----------------------------------------------------------------------------------------------------------------------------------------------------------------------------------------------------------------------------+
; Analysis & Synthesis Resource Utilization by Entity                                                                                                                                                                        ;
+------------------------------+-------------------+--------------+-------------+--------------+---------+-----------+------+--------------+------------------------------------------------------------------+--------------+
; Compilation Hierarchy Node   ; LC Combinationals ; LC Registers ; Memory Bits ; DSP Elements ; DSP 9x9 ; DSP 18x18 ; Pins ; Virtual Pins ; Full Hierarchy Name                                              ; Library Name ;
+------------------------------+-------------------+--------------+-------------+--------------+---------+-----------+------+--------------+------------------------------------------------------------------+--------------+
; |Pong                        ; 180 (2)           ; 94 (0)       ; 0           ; 0            ; 0       ; 0         ; 17   ; 0            ; |Pong                                                            ; work         ;
;    |Background:inst1|        ; 3 (3)             ; 0 (0)        ; 0           ; 0            ; 0       ; 0         ; 0    ; 0            ; |Pong|Background:inst1                                           ; work         ;
;    |KeyboardInterface:inst5| ; 11 (4)            ; 34 (27)      ; 0           ; 0            ; 0       ; 0         ; 0    ; 0            ; |Pong|KeyboardInterface:inst5                                    ; work         ;
;       |Debouncer:inst40|     ; 6 (3)             ; 5 (2)        ; 0           ; 0            ; 0       ; 0         ; 0    ; 0            ; |Pong|KeyboardInterface:inst5|Debouncer:inst40                   ; work         ;
;          |REG1_INC_CL:inst2| ; 1 (1)             ; 1 (1)        ; 0           ; 0            ; 0       ; 0         ; 0    ; 0            ; |Pong|KeyboardInterface:inst5|Debouncer:inst40|REG1_INC_CL:inst2 ; work         ;
;          |REG1_INC_CL:inst3| ; 1 (1)             ; 1 (1)        ; 0           ; 0            ; 0       ; 0         ; 0    ; 0            ; |Pong|KeyboardInterface:inst5|Debouncer:inst40|REG1_INC_CL:inst3 ; work         ;
;          |REG1_INC_CL:inst4| ; 1 (1)             ; 1 (1)        ; 0           ; 0            ; 0       ; 0         ; 0    ; 0            ; |Pong|KeyboardInterface:inst5|Debouncer:inst40|REG1_INC_CL:inst4 ; work         ;
;       |RisingEdge:inst29|    ; 1 (1)             ; 2 (2)        ; 0           ; 0            ; 0       ; 0         ; 0    ; 0            ; |Pong|KeyboardInterface:inst5|RisingEdge:inst29                  ; work         ;
;    |Player1:inst10|          ; 99 (8)            ; 39 (2)       ; 0           ; 0            ; 0       ; 0         ; 0    ; 0            ; |Pong|Player1:inst10                                             ; work         ;
;       |CLK_DIVIDER:inst12|   ; 34 (34)           ; 19 (19)      ; 0           ; 0            ; 0       ; 0         ; 0    ; 0            ; |Pong|Player1:inst10|CLK_DIVIDER:inst12                          ; work         ;
;       |CMPX:inst118|         ; 10 (10)           ; 0 (0)        ; 0           ; 0            ; 0       ; 0         ; 0    ; 0            ; |Pong|Player1:inst10|CMPX:inst118                                ; work         ;
;       |CMPX:inst119|         ; 3 (3)             ; 0 (0)        ; 0           ; 0            ; 0       ; 0         ; 0    ; 0            ; |Pong|Player1:inst10|CMPX:inst119                                ; work         ;
;       |CMPX:inst120|         ; 3 (3)             ; 0 (0)        ; 0           ; 0            ; 0       ; 0         ; 0    ; 0            ; |Pong|Player1:inst10|CMPX:inst120                                ; work         ;
;       |CMPX:inst8|           ; 10 (10)           ; 0 (0)        ; 0           ; 0            ; 0       ; 0         ; 0    ; 0            ; |Pong|Player1:inst10|CMPX:inst8                                  ; work         ;
;       |REGX:inst2|           ; 16 (16)           ; 8 (8)        ; 0           ; 0            ; 0       ; 0         ; 0    ; 0            ; |Pong|Player1:inst10|REGX:inst2                                  ; work         ;
;       |REGX:inst7|           ; 15 (15)           ; 10 (10)      ; 0           ; 0            ; 0       ; 0         ; 0    ; 0            ; |Pong|Player1:inst10|REGX:inst7                                  ; work         ;
;    |VGAController:inst|      ; 65 (14)           ; 21 (0)       ; 0           ; 0            ; 0       ; 0         ; 0    ; 0            ; |Pong|VGAController:inst                                         ; work         ;
;       |CMPX:inst20|          ; 2 (2)             ; 0 (0)        ; 0           ; 0            ; 0       ; 0         ; 0    ; 0            ; |Pong|VGAController:inst|CMPX:inst20                             ; work         ;
;       |CMPX:inst2|           ; 4 (4)             ; 0 (0)        ; 0           ; 0            ; 0       ; 0         ; 0    ; 0            ; |Pong|VGAController:inst|CMPX:inst2                              ; work         ;
;       |REGX:inst1|           ; 21 (21)           ; 10 (10)      ; 0           ; 0            ; 0       ; 0         ; 0    ; 0            ; |Pong|VGAController:inst|REGX:inst1                              ; work         ;
;       |REGX:inst|            ; 24 (24)           ; 11 (11)      ; 0           ; 0            ; 0       ; 0         ; 0    ; 0            ; |Pong|VGAController:inst|REGX:inst                               ; work         ;
+------------------------------+-------------------+--------------+-------------+--------------+---------+-----------+------+--------------+------------------------------------------------------------------+--------------+
Note: For table entries with two numbers listed, the numbers in parentheses indicate the number of resources of the given type used by the specific entity alone. The numbers listed outside of parentheses indicate the total resources of the given type used by the specific entity and all of its sub-entities in the hierarchy.


+----------------------------------------------------------------------------------------+
; Registers Removed During Synthesis                                                     ;
+----------------------------------------+-----------------------------------------------+
; Register name                          ; Reason for Removal                            ;
+----------------------------------------+-----------------------------------------------+
; Player1:inst10|REGX:inst1|data[3]      ; Merged with Player1:inst10|REGX:inst|data[1]  ;
; Player1:inst10|REGX:inst|data[3]       ; Merged with Player1:inst10|REGX:inst|data[1]  ;
; Player1:inst10|REGX:inst1|data[0..2]   ; Merged with Player1:inst10|REGX:inst|data[1]  ;
; Player1:inst10|REGX:inst|data[9]       ; Merged with Player1:inst10|REGX:inst|data[0]  ;
; Player1:inst10|REGX:inst1|data[5,7]    ; Merged with Player1:inst10|REGX:inst|data[0]  ;
; Player1:inst10|REGX:inst|data[6]       ; Merged with Player1:inst10|REGX:inst|data[0]  ;
; Player1:inst10|REGX:inst1|data[4]      ; Merged with Player1:inst10|REGX:inst|data[0]  ;
; Player1:inst10|REGX:inst|data[2,7]     ; Merged with Player1:inst10|REGX:inst|data[0]  ;
; Player1:inst10|REGX:inst1|data[8]      ; Merged with Player1:inst10|REGX:inst|data[0]  ;
; Player1:inst10|REGX:inst|data[5]       ; Merged with Player1:inst10|REGX:inst|data[0]  ;
; Player1:inst10|REGX:inst1|data[6,9]    ; Merged with Player1:inst10|REGX:inst|data[0]  ;
; Player1:inst10|REGX:inst|data[4,8]     ; Merged with Player1:inst10|REGX:inst|data[0]  ;
; KeyboardInterface:inst5|inst16         ; Merged with KeyboardInterface:inst5|inst1     ;
; Player1:inst10|REGX:inst|data[1]       ; Stuck at VCC due to stuck port data_in        ;
; Player1:inst10|REGX:inst|data[0]       ; Stuck at GND due to stuck port data_in        ;
; Player1:inst10|REGX:inst2|data[0]      ; Merged with Player1:inst10|REGX:inst7|data[0] ;
; Player1:inst10|REGX:inst2|data[1]      ; Merged with Player1:inst10|REGX:inst7|data[1] ;
; Total Number of Removed Registers = 23 ;                                               ;
+----------------------------------------+-----------------------------------------------+


+------------------------------------------------------+
; General Register Statistics                          ;
+----------------------------------------------+-------+
; Statistic                                    ; Value ;
+----------------------------------------------+-------+
; Total registers                              ; 94    ;
; Number of registers using Synchronous Clear  ; 0     ;
; Number of registers using Synchronous Load   ; 0     ;
; Number of registers using Asynchronous Clear ; 0     ;
; Number of registers using Asynchronous Load  ; 0     ;
; Number of registers using Clock Enable       ; 27    ;
; Number of registers using Preset             ; 0     ;
+----------------------------------------------+-------+


+-----------------------------------------------------+
; Inverted Register Statistics                        ;
+-------------------------------------------+---------+
; Inverted Register                         ; Fan out ;
+-------------------------------------------+---------+
; Player1:inst10|REGX:inst2|data[8]         ; 3       ;
; Player1:inst10|REGX:inst2|data[6]         ; 3       ;
; Player1:inst10|REGX:inst2|data[3]         ; 3       ;
; Player1:inst10|REGX:inst7|data[1]         ; 7       ;
; Player1:inst10|REGX:inst7|data[8]         ; 3       ;
; Player1:inst10|REGX:inst7|data[3]         ; 3       ;
; Player1:inst10|REGX:inst7|data[2]         ; 3       ;
; Player1:inst10|CLK_DIVIDER:inst12|cnt[16] ; 1       ;
; Player1:inst10|CLK_DIVIDER:inst12|cnt[15] ; 1       ;
; Player1:inst10|CLK_DIVIDER:inst12|cnt[14] ; 1       ;
; Player1:inst10|CLK_DIVIDER:inst12|cnt[12] ; 1       ;
; Player1:inst10|CLK_DIVIDER:inst12|cnt[7]  ; 1       ;
; Player1:inst10|CLK_DIVIDER:inst12|cnt[3]  ; 1       ;
; Player1:inst10|CLK_DIVIDER:inst12|cnt[2]  ; 1       ;
; Player1:inst10|CLK_DIVIDER:inst12|cnt[1]  ; 1       ;
; Player1:inst10|CLK_DIVIDER:inst12|cnt[0]  ; 1       ;
; Player1:inst10|CLK_DIVIDER:inst12|cnt[17] ; 1       ;
; Total number of inverted registers = 17   ;         ;
+-------------------------------------------+---------+


+-----------------------------------------------------------------------------------------------------------------------------------------------------------+
; Multiplexer Restructuring Statistics (Restructuring Performed)                                                                                            ;
+--------------------+-----------+---------------+----------------------+------------------------+------------+---------------------------------------------+
; Multiplexer Inputs ; Bus Width ; Baseline Area ; Area if Restructured ; Saving if Restructured ; Registered ; Example Multiplexer Output                  ;
+--------------------+-----------+---------------+----------------------+------------------------+------------+---------------------------------------------+
; 3:1                ; 10 bits   ; 20 LEs        ; 10 LEs               ; 10 LEs                 ; Yes        ; |Pong|VGAController:inst|REGX:inst1|data[9] ;
; 3:1                ; 11 bits   ; 22 LEs        ; 0 LEs                ; 22 LEs                 ; Yes        ; |Pong|Player1:inst10|REGX:inst7|data[0]     ;
; 3:1                ; 11 bits   ; 22 LEs        ; 11 LEs               ; 11 LEs                 ; Yes        ; |Pong|VGAController:inst|REGX:inst|data[6]  ;
; 3:1                ; 7 bits    ; 14 LEs        ; 0 LEs                ; 14 LEs                 ; Yes        ; |Pong|Player1:inst10|REGX:inst2|data[8]     ;
+--------------------+-----------+---------------+----------------------+------------------------+------------+---------------------------------------------+


+----------------------------------------------------------------------------+
; Parameter Settings for User Entity Instance: VGAController:inst|CMPX:inst7 ;
+----------------+-------+---------------------------------------------------+
; Parameter Name ; Value ; Type                                              ;
+----------------+-------+---------------------------------------------------+
; size           ; 11    ; Signed Integer                                    ;
+----------------+-------+---------------------------------------------------+
Note: In order to hide this table in the UI and the text report file, please set the "Show Parameter Settings in Synthesis Report" option in "Analysis and Synthesis Settings -> More Settings" to "Off".


+---------------------------------------------------------------------------+
; Parameter Settings for User Entity Instance: VGAController:inst|REGX:inst ;
+----------------+-------+--------------------------------------------------+
; Parameter Name ; Value ; Type                                             ;
+----------------+-------+--------------------------------------------------+
; size           ; 11    ; Signed Integer                                   ;
; default_value  ; 0     ; Signed Integer                                   ;
+----------------+-------+--------------------------------------------------+
Note: In order to hide this table in the UI and the text report file, please set the "Show Parameter Settings in Synthesis Report" option in "Analysis and Synthesis Settings -> More Settings" to "Off".


+----------------------------------------------------------------------------+
; Parameter Settings for User Entity Instance: VGAController:inst|CMPX:inst2 ;
+----------------+-------+---------------------------------------------------+
; Parameter Name ; Value ; Type                                              ;
+----------------+-------+---------------------------------------------------+
; size           ; 11    ; Signed Integer                                    ;
+----------------+-------+---------------------------------------------------+
Note: In order to hide this table in the UI and the text report file, please set the "Show Parameter Settings in Synthesis Report" option in "Analysis and Synthesis Settings -> More Settings" to "Off".


+------------------------------------------------------------------------------+
; Parameter Settings for User Entity Instance: VGAController:inst|CONSTX:inst4 ;
+----------------+-------+-----------------------------------------------------+
; Parameter Name ; Value ; Type                                                ;
+----------------+-------+-----------------------------------------------------+
; size           ; 11    ; Signed Integer                                      ;
; const          ; 1039  ; Signed Integer                                      ;
+----------------+-------+-----------------------------------------------------+
Note: In order to hide this table in the UI and the text report file, please set the "Show Parameter Settings in Synthesis Report" option in "Analysis and Synthesis Settings -> More Settings" to "Off".


+------------------------------------------------------------------------------+
; Parameter Settings for User Entity Instance: VGAController:inst|CONSTX:inst9 ;
+----------------+-------+-----------------------------------------------------+
; Parameter Name ; Value ; Type                                                ;
+----------------+-------+-----------------------------------------------------+
; size           ; 11    ; Signed Integer                                      ;
; const          ; 975   ; Signed Integer                                      ;
+----------------+-------+-----------------------------------------------------+
Note: In order to hide this table in the UI and the text report file, please set the "Show Parameter Settings in Synthesis Report" option in "Analysis and Synthesis Settings -> More Settings" to "Off".


+----------------------------------------------------------------------------+
; Parameter Settings for User Entity Instance: VGAController:inst|CMPX:inst6 ;
+----------------+-------+---------------------------------------------------+
; Parameter Name ; Value ; Type                                              ;
+----------------+-------+---------------------------------------------------+
; size           ; 11    ; Signed Integer                                    ;
+----------------+-------+---------------------------------------------------+
Note: In order to hide this table in the UI and the text report file, please set the "Show Parameter Settings in Synthesis Report" option in "Analysis and Synthesis Settings -> More Settings" to "Off".


+------------------------------------------------------------------------------+
; Parameter Settings for User Entity Instance: VGAController:inst|CONSTX:inst8 ;
+----------------+-------+-----------------------------------------------------+
; Parameter Name ; Value ; Type                                                ;
+----------------+-------+-----------------------------------------------------+
; size           ; 11    ; Signed Integer                                      ;
; const          ; 855   ; Signed Integer                                      ;
+----------------+-------+-----------------------------------------------------+
Note: In order to hide this table in the UI and the text report file, please set the "Show Parameter Settings in Synthesis Report" option in "Analysis and Synthesis Settings -> More Settings" to "Off".


+-----------------------------------------------------------------------------+
; Parameter Settings for User Entity Instance: VGAController:inst|CMPX:inst12 ;
+----------------+-------+----------------------------------------------------+
; Parameter Name ; Value ; Type                                               ;
+----------------+-------+----------------------------------------------------+
; size           ; 10    ; Signed Integer                                     ;
+----------------+-------+----------------------------------------------------+
Note: In order to hide this table in the UI and the text report file, please set the "Show Parameter Settings in Synthesis Report" option in "Analysis and Synthesis Settings -> More Settings" to "Off".


+----------------------------------------------------------------------------+
; Parameter Settings for User Entity Instance: VGAController:inst|REGX:inst1 ;
+----------------+-------+---------------------------------------------------+
; Parameter Name ; Value ; Type                                              ;
+----------------+-------+---------------------------------------------------+
; size           ; 10    ; Signed Integer                                    ;
; default_value  ; 0     ; Signed Integer                                    ;
+----------------+-------+---------------------------------------------------+
Note: In order to hide this table in the UI and the text report file, please set the "Show Parameter Settings in Synthesis Report" option in "Analysis and Synthesis Settings -> More Settings" to "Off".


+----------------------------------------------------------------------------+
; Parameter Settings for User Entity Instance: VGAController:inst|CMPX:inst3 ;
+----------------+-------+---------------------------------------------------+
; Parameter Name ; Value ; Type                                              ;
+----------------+-------+---------------------------------------------------+
; size           ; 10    ; Signed Integer                                    ;
+----------------+-------+---------------------------------------------------+
Note: In order to hide this table in the UI and the text report file, please set the "Show Parameter Settings in Synthesis Report" option in "Analysis and Synthesis Settings -> More Settings" to "Off".


+------------------------------------------------------------------------------+
; Parameter Settings for User Entity Instance: VGAController:inst|CONSTX:inst5 ;
+----------------+-------+-----------------------------------------------------+
; Parameter Name ; Value ; Type                                                ;
+----------------+-------+-----------------------------------------------------+
; size           ; 10    ; Signed Integer                                      ;
; const          ; 665   ; Signed Integer                                      ;
+----------------+-------+-----------------------------------------------------+
Note: In order to hide this table in the UI and the text report file, please set the "Show Parameter Settings in Synthesis Report" option in "Analysis and Synthesis Settings -> More Settings" to "Off".


+-------------------------------------------------------------------------------+
; Parameter Settings for User Entity Instance: VGAController:inst|CONSTX:inst14 ;
+----------------+-------+------------------------------------------------------+
; Parameter Name ; Value ; Type                                                 ;
+----------------+-------+------------------------------------------------------+
; size           ; 10    ; Signed Integer                                       ;
; const          ; 642   ; Signed Integer                                       ;
+----------------+-------+------------------------------------------------------+
Note: In order to hide this table in the UI and the text report file, please set the "Show Parameter Settings in Synthesis Report" option in "Analysis and Synthesis Settings -> More Settings" to "Off".


+-----------------------------------------------------------------------------+
; Parameter Settings for User Entity Instance: VGAController:inst|CMPX:inst11 ;
+----------------+-------+----------------------------------------------------+
; Parameter Name ; Value ; Type                                               ;
+----------------+-------+----------------------------------------------------+
; size           ; 10    ; Signed Integer                                     ;
+----------------+-------+----------------------------------------------------+
Note: In order to hide this table in the UI and the text report file, please set the "Show Parameter Settings in Synthesis Report" option in "Analysis and Synthesis Settings -> More Settings" to "Off".


+-------------------------------------------------------------------------------+
; Parameter Settings for User Entity Instance: VGAController:inst|CONSTX:inst13 ;
+----------------+-------+------------------------------------------------------+
; Parameter Name ; Value ; Type                                                 ;
+----------------+-------+------------------------------------------------------+
; size           ; 10    ; Signed Integer                                       ;
; const          ; 636   ; Signed Integer                                       ;
+----------------+-------+------------------------------------------------------+
Note: In order to hide this table in the UI and the text report file, please set the "Show Parameter Settings in Synthesis Report" option in "Analysis and Synthesis Settings -> More Settings" to "Off".


+-----------------------------------------------------------------------------+
; Parameter Settings for User Entity Instance: VGAController:inst|CMPX:inst19 ;
+----------------+-------+----------------------------------------------------+
; Parameter Name ; Value ; Type                                               ;
+----------------+-------+----------------------------------------------------+
; size           ; 10    ; Signed Integer                                     ;
+----------------+-------+----------------------------------------------------+
Note: In order to hide this table in the UI and the text report file, please set the "Show Parameter Settings in Synthesis Report" option in "Analysis and Synthesis Settings -> More Settings" to "Off".


+-------------------------------------------------------------------------------+
; Parameter Settings for User Entity Instance: VGAController:inst|CONSTX:inst18 ;
+----------------+-------+------------------------------------------------------+
; Parameter Name ; Value ; Type                                                 ;
+----------------+-------+------------------------------------------------------+
; size           ; 10    ; Signed Integer                                       ;
; const          ; 600   ; Signed Integer                                       ;
+----------------+-------+------------------------------------------------------+
Note: In order to hide this table in the UI and the text report file, please set the "Show Parameter Settings in Synthesis Report" option in "Analysis and Synthesis Settings -> More Settings" to "Off".


+-----------------------------------------------------------------------------+
; Parameter Settings for User Entity Instance: VGAController:inst|CMPX:inst20 ;
+----------------+-------+----------------------------------------------------+
; Parameter Name ; Value ; Type                                               ;
+----------------+-------+----------------------------------------------------+
; size           ; 11    ; Signed Integer                                     ;
+----------------+-------+----------------------------------------------------+
Note: In order to hide this table in the UI and the text report file, please set the "Show Parameter Settings in Synthesis Report" option in "Analysis and Synthesis Settings -> More Settings" to "Off".


+-------------------------------------------------------------------------------+
; Parameter Settings for User Entity Instance: VGAController:inst|CONSTX:inst17 ;
+----------------+-------+------------------------------------------------------+
; Parameter Name ; Value ; Type                                                 ;
+----------------+-------+------------------------------------------------------+
; size           ; 11    ; Signed Integer                                       ;
; const          ; 800   ; Signed Integer                                       ;
+----------------+-------+------------------------------------------------------+
Note: In order to hide this table in the UI and the text report file, please set the "Show Parameter Settings in Synthesis Report" option in "Analysis and Synthesis Settings -> More Settings" to "Off".


+---------------------------------------------------------------------+
; Parameter Settings for User Entity Instance: MP4X:inst19|MP2X:inst1 ;
+----------------+-------+--------------------------------------------+
; Parameter Name ; Value ; Type                                       ;
+----------------+-------+--------------------------------------------+
; size           ; 4     ; Signed Integer                             ;
+----------------+-------+--------------------------------------------+
Note: In order to hide this table in the UI and the text report file, please set the "Show Parameter Settings in Synthesis Report" option in "Analysis and Synthesis Settings -> More Settings" to "Off".


+--------------------------------------------------------------------+
; Parameter Settings for User Entity Instance: MP4X:inst19|MP2X:inst ;
+----------------+-------+-------------------------------------------+
; Parameter Name ; Value ; Type                                      ;
+----------------+-------+-------------------------------------------+
; size           ; 4     ; Signed Integer                            ;
+----------------+-------+-------------------------------------------+
Note: In order to hide this table in the UI and the text report file, please set the "Show Parameter Settings in Synthesis Report" option in "Analysis and Synthesis Settings -> More Settings" to "Off".


+---------------------------------------------------------------------+
; Parameter Settings for User Entity Instance: MP4X:inst19|MP2X:inst2 ;
+----------------+-------+--------------------------------------------+
; Parameter Name ; Value ; Type                                       ;
+----------------+-------+--------------------------------------------+
; size           ; 4     ; Signed Integer                             ;
+----------------+-------+--------------------------------------------+
Note: In order to hide this table in the UI and the text report file, please set the "Show Parameter Settings in Synthesis Report" option in "Analysis and Synthesis Settings -> More Settings" to "Off".


+------------------------------------------------------------------------+
; Parameter Settings for User Entity Instance: Player1:inst10|CMPX:inst5 ;
+----------------+-------+-----------------------------------------------+
; Parameter Name ; Value ; Type                                          ;
+----------------+-------+-----------------------------------------------+
; size           ; 10    ; Signed Integer                                ;
+----------------+-------+-----------------------------------------------+
Note: In order to hide this table in the UI and the text report file, please set the "Show Parameter Settings in Synthesis Report" option in "Analysis and Synthesis Settings -> More Settings" to "Off".


+------------------------------------------------------------------------+
; Parameter Settings for User Entity Instance: Player1:inst10|REGX:inst1 ;
+----------------+-------+-----------------------------------------------+
; Parameter Name ; Value ; Type                                          ;
+----------------+-------+-----------------------------------------------+
; size           ; 10    ; Signed Integer                                ;
; default_value  ; 15    ; Signed Integer                                ;
+----------------+-------+-----------------------------------------------+
Note: In order to hide this table in the UI and the text report file, please set the "Show Parameter Settings in Synthesis Report" option in "Analysis and Synthesis Settings -> More Settings" to "Off".


+------------------------------------------------------------------------+
; Parameter Settings for User Entity Instance: Player1:inst10|CMPX:inst4 ;
+----------------+-------+-----------------------------------------------+
; Parameter Name ; Value ; Type                                          ;
+----------------+-------+-----------------------------------------------+
; size           ; 10    ; Signed Integer                                ;
+----------------+-------+-----------------------------------------------+
Note: In order to hide this table in the UI and the text report file, please set the "Show Parameter Settings in Synthesis Report" option in "Analysis and Synthesis Settings -> More Settings" to "Off".


+-----------------------------------------------------------------------+
; Parameter Settings for User Entity Instance: Player1:inst10|REGX:inst ;
+----------------+-------+----------------------------------------------+
; Parameter Name ; Value ; Type                                         ;
+----------------+-------+----------------------------------------------+
; size           ; 10    ; Signed Integer                               ;
; default_value  ; 10    ; Signed Integer                               ;
+----------------+-------+----------------------------------------------+
Note: In order to hide this table in the UI and the text report file, please set the "Show Parameter Settings in Synthesis Report" option in "Analysis and Synthesis Settings -> More Settings" to "Off".


+------------------------------------------------------------------------+
; Parameter Settings for User Entity Instance: Player1:inst10|CMPX:inst8 ;
+----------------+-------+-----------------------------------------------+
; Parameter Name ; Value ; Type                                          ;
+----------------+-------+-----------------------------------------------+
; size           ; 10    ; Signed Integer                                ;
+----------------+-------+-----------------------------------------------+
Note: In order to hide this table in the UI and the text report file, please set the "Show Parameter Settings in Synthesis Report" option in "Analysis and Synthesis Settings -> More Settings" to "Off".


+------------------------------------------------------------------------+
; Parameter Settings for User Entity Instance: Player1:inst10|REGX:inst2 ;
+----------------+-------+-----------------------------------------------+
; Parameter Name ; Value ; Type                                          ;
+----------------+-------+-----------------------------------------------+
; size           ; 10    ; Signed Integer                                ;
; default_value  ; 330   ; Signed Integer                                ;
+----------------+-------+-----------------------------------------------+
Note: In order to hide this table in the UI and the text report file, please set the "Show Parameter Settings in Synthesis Report" option in "Analysis and Synthesis Settings -> More Settings" to "Off".


+--------------------------------------------------------------------------+
; Parameter Settings for User Entity Instance: Player1:inst10|CMPX:inst119 ;
+----------------+-------+-------------------------------------------------+
; Parameter Name ; Value ; Type                                            ;
+----------------+-------+-------------------------------------------------+
; size           ; 10    ; Signed Integer                                  ;
+----------------+-------+-------------------------------------------------+
Note: In order to hide this table in the UI and the text report file, please set the "Show Parameter Settings in Synthesis Report" option in "Analysis and Synthesis Settings -> More Settings" to "Off".


+---------------------------------------------------------------------------+
; Parameter Settings for User Entity Instance: Player1:inst10|CONSTX:inst23 ;
+----------------+-------+--------------------------------------------------+
; Parameter Name ; Value ; Type                                             ;
+----------------+-------+--------------------------------------------------+
; size           ; 10    ; Signed Integer                                   ;
; const          ; 20    ; Signed Integer                                   ;
+----------------+-------+--------------------------------------------------+
Note: In order to hide this table in the UI and the text report file, please set the "Show Parameter Settings in Synthesis Report" option in "Analysis and Synthesis Settings -> More Settings" to "Off".


+------------------------------------------------------------------------+
; Parameter Settings for User Entity Instance: Player1:inst10|REGX:inst7 ;
+----------------+-------+-----------------------------------------------+
; Parameter Name ; Value ; Type                                          ;
+----------------+-------+-----------------------------------------------+
; size           ; 10    ; Signed Integer                                ;
; default_value  ; 270   ; Signed Integer                                ;
+----------------+-------+-----------------------------------------------+
Note: In order to hide this table in the UI and the text report file, please set the "Show Parameter Settings in Synthesis Report" option in "Analysis and Synthesis Settings -> More Settings" to "Off".


+--------------------------------------------------------------------------+
; Parameter Settings for User Entity Instance: Player1:inst10|CMPX:inst120 ;
+----------------+-------+-------------------------------------------------+
; Parameter Name ; Value ; Type                                            ;
+----------------+-------+-------------------------------------------------+
; size           ; 10    ; Signed Integer                                  ;
+----------------+-------+-------------------------------------------------+
Note: In order to hide this table in the UI and the text report file, please set the "Show Parameter Settings in Synthesis Report" option in "Analysis and Synthesis Settings -> More Settings" to "Off".


+---------------------------------------------------------------------------+
; Parameter Settings for User Entity Instance: Player1:inst10|CONSTX:inst25 ;
+----------------+-------+--------------------------------------------------+
; Parameter Name ; Value ; Type                                             ;
+----------------+-------+--------------------------------------------------+
; size           ; 10    ; Signed Integer                                   ;
; const          ; 780   ; Signed Integer                                   ;
+----------------+-------+--------------------------------------------------+
Note: In order to hide this table in the UI and the text report file, please set the "Show Parameter Settings in Synthesis Report" option in "Analysis and Synthesis Settings -> More Settings" to "Off".


+--------------------------------------------------------------------------------+
; Parameter Settings for User Entity Instance: Player1:inst10|CLK_DIVIDER:inst12 ;
+-------------------+-------+----------------------------------------------------+
; Parameter Name    ; Value ; Type                                               ;
+-------------------+-------+----------------------------------------------------+
; period_inmhz      ; 50    ; Signed Integer                                     ;
; period_outmilisec ; 10    ; Signed Integer                                     ;
+-------------------+-------+----------------------------------------------------+
Note: In order to hide this table in the UI and the text report file, please set the "Show Parameter Settings in Synthesis Report" option in "Analysis and Synthesis Settings -> More Settings" to "Off".


+--------------------------------------------------------------------------+
; Parameter Settings for User Entity Instance: Player1:inst10|CMPX:inst118 ;
+----------------+-------+-------------------------------------------------+
; Parameter Name ; Value ; Type                                            ;
+----------------+-------+-------------------------------------------------+
; size           ; 10    ; Signed Integer                                  ;
+----------------+-------+-------------------------------------------------+
Note: In order to hide this table in the UI and the text report file, please set the "Show Parameter Settings in Synthesis Report" option in "Analysis and Synthesis Settings -> More Settings" to "Off".


+---------------------------------------------------------------------------+
; Parameter Settings for User Entity Instance: Player1:inst10|CONSTX:inst20 ;
+----------------+-------+--------------------------------------------------+
; Parameter Name ; Value ; Type                                             ;
+----------------+-------+--------------------------------------------------+
; size           ; 4     ; Signed Integer                                   ;
; const          ; 15    ; Signed Integer                                   ;
+----------------+-------+--------------------------------------------------+
Note: In order to hide this table in the UI and the text report file, please set the "Show Parameter Settings in Synthesis Report" option in "Analysis and Synthesis Settings -> More Settings" to "Off".


+---------------------------------------------------------------------------+
; Parameter Settings for User Entity Instance: Player1:inst10|CONSTX:inst19 ;
+----------------+-------+--------------------------------------------------+
; Parameter Name ; Value ; Type                                             ;
+----------------+-------+--------------------------------------------------+
; size           ; 4     ; Signed Integer                                   ;
; const          ; 15    ; Signed Integer                                   ;
+----------------+-------+--------------------------------------------------+
Note: In order to hide this table in the UI and the text report file, please set the "Show Parameter Settings in Synthesis Report" option in "Analysis and Synthesis Settings -> More Settings" to "Off".


+---------------------------------------------------------------------------+
; Parameter Settings for User Entity Instance: Player1:inst10|CONSTX:inst18 ;
+----------------+-------+--------------------------------------------------+
; Parameter Name ; Value ; Type                                             ;
+----------------+-------+--------------------------------------------------+
; size           ; 4     ; Signed Integer                                   ;
; const          ; 15    ; Signed Integer                                   ;
+----------------+-------+--------------------------------------------------+
Note: In order to hide this table in the UI and the text report file, please set the "Show Parameter Settings in Synthesis Report" option in "Analysis and Synthesis Settings -> More Settings" to "Off".


+---------------------------------------------------------------------------+
; Parameter Settings for User Entity Instance: Background:inst1|MP2X:inst12 ;
+----------------+-------+--------------------------------------------------+
; Parameter Name ; Value ; Type                                             ;
+----------------+-------+--------------------------------------------------+
; size           ; 4     ; Signed Integer                                   ;
+----------------+-------+--------------------------------------------------+
Note: In order to hide this table in the UI and the text report file, please set the "Show Parameter Settings in Synthesis Report" option in "Analysis and Synthesis Settings -> More Settings" to "Off".


+--------------------------------------------------------------------------+
; Parameter Settings for User Entity Instance: Background:inst1|CMPX:inst3 ;
+----------------+-------+-------------------------------------------------+
; Parameter Name ; Value ; Type                                            ;
+----------------+-------+-------------------------------------------------+
; size           ; 10    ; Signed Integer                                  ;
+----------------+-------+-------------------------------------------------+
Note: In order to hide this table in the UI and the text report file, please set the "Show Parameter Settings in Synthesis Report" option in "Analysis and Synthesis Settings -> More Settings" to "Off".


+----------------------------------------------------------------------------+
; Parameter Settings for User Entity Instance: Background:inst1|CONSTX:inst2 ;
+----------------+-------+---------------------------------------------------+
; Parameter Name ; Value ; Type                                              ;
+----------------+-------+---------------------------------------------------+
; size           ; 10    ; Signed Integer                                    ;
; const          ; 405   ; Signed Integer                                    ;
+----------------+-------+---------------------------------------------------+
Note: In order to hide this table in the UI and the text report file, please set the "Show Parameter Settings in Synthesis Report" option in "Analysis and Synthesis Settings -> More Settings" to "Off".


+-------------------------------------------------------------------------+
; Parameter Settings for User Entity Instance: Background:inst1|CMPX:inst ;
+----------------+-------+------------------------------------------------+
; Parameter Name ; Value ; Type                                           ;
+----------------+-------+------------------------------------------------+
; size           ; 10    ; Signed Integer                                 ;
+----------------+-------+------------------------------------------------+
Note: In order to hide this table in the UI and the text report file, please set the "Show Parameter Settings in Synthesis Report" option in "Analysis and Synthesis Settings -> More Settings" to "Off".


+----------------------------------------------------------------------------+
; Parameter Settings for User Entity Instance: Background:inst1|CONSTX:inst1 ;
+----------------+-------+---------------------------------------------------+
; Parameter Name ; Value ; Type                                              ;
+----------------+-------+---------------------------------------------------+
; size           ; 10    ; Signed Integer                                    ;
; const          ; 395   ; Signed Integer                                    ;
+----------------+-------+---------------------------------------------------+
Note: In order to hide this table in the UI and the text report file, please set the "Show Parameter Settings in Synthesis Report" option in "Analysis and Synthesis Settings -> More Settings" to "Off".


+-----------------------------------------------------------------------------+
; Parameter Settings for User Entity Instance: Background:inst1|CONSTX:inst14 ;
+----------------+-------+----------------------------------------------------+
; Parameter Name ; Value ; Type                                               ;
+----------------+-------+----------------------------------------------------+
; size           ; 4     ; Signed Integer                                     ;
; const          ; 0     ; Signed Integer                                     ;
+----------------+-------+----------------------------------------------------+
Note: In order to hide this table in the UI and the text report file, please set the "Show Parameter Settings in Synthesis Report" option in "Analysis and Synthesis Settings -> More Settings" to "Off".


+----------------------------------------------------------------------------+
; Parameter Settings for User Entity Instance: Background:inst1|CONSTX:inst8 ;
+----------------+-------+---------------------------------------------------+
; Parameter Name ; Value ; Type                                              ;
+----------------+-------+---------------------------------------------------+
; size           ; 4     ; Signed Integer                                    ;
; const          ; 7     ; Signed Integer                                    ;
+----------------+-------+---------------------------------------------------+
Note: In order to hide this table in the UI and the text report file, please set the "Show Parameter Settings in Synthesis Report" option in "Analysis and Synthesis Settings -> More Settings" to "Off".


+---------------------------------------------------------------------------+
; Parameter Settings for User Entity Instance: Background:inst1|MP2X:inst10 ;
+----------------+-------+--------------------------------------------------+
; Parameter Name ; Value ; Type                                             ;
+----------------+-------+--------------------------------------------------+
; size           ; 4     ; Signed Integer                                   ;
+----------------+-------+--------------------------------------------------+
Note: In order to hide this table in the UI and the text report file, please set the "Show Parameter Settings in Synthesis Report" option in "Analysis and Synthesis Settings -> More Settings" to "Off".


+-----------------------------------------------------------------------------+
; Parameter Settings for User Entity Instance: Background:inst1|CONSTX:inst13 ;
+----------------+-------+----------------------------------------------------+
; Parameter Name ; Value ; Type                                               ;
+----------------+-------+----------------------------------------------------+
; size           ; 4     ; Signed Integer                                     ;
; const          ; 0     ; Signed Integer                                     ;
+----------------+-------+----------------------------------------------------+
Note: In order to hide this table in the UI and the text report file, please set the "Show Parameter Settings in Synthesis Report" option in "Analysis and Synthesis Settings -> More Settings" to "Off".


+----------------------------------------------------------------------------+
; Parameter Settings for User Entity Instance: Background:inst1|CONSTX:inst7 ;
+----------------+-------+---------------------------------------------------+
; Parameter Name ; Value ; Type                                              ;
+----------------+-------+---------------------------------------------------+
; size           ; 4     ; Signed Integer                                    ;
; const          ; 7     ; Signed Integer                                    ;
+----------------+-------+---------------------------------------------------+
Note: In order to hide this table in the UI and the text report file, please set the "Show Parameter Settings in Synthesis Report" option in "Analysis and Synthesis Settings -> More Settings" to "Off".


+---------------------------------------------------------------------------+
; Parameter Settings for User Entity Instance: Background:inst1|MP2X:inst11 ;
+----------------+-------+--------------------------------------------------+
; Parameter Name ; Value ; Type                                             ;
+----------------+-------+--------------------------------------------------+
; size           ; 4     ; Signed Integer                                   ;
+----------------+-------+--------------------------------------------------+
Note: In order to hide this table in the UI and the text report file, please set the "Show Parameter Settings in Synthesis Report" option in "Analysis and Synthesis Settings -> More Settings" to "Off".


+----------------------------------------------------------------------------+
; Parameter Settings for User Entity Instance: Background:inst1|CONSTX:inst9 ;
+----------------+-------+---------------------------------------------------+
; Parameter Name ; Value ; Type                                              ;
+----------------+-------+---------------------------------------------------+
; size           ; 4     ; Signed Integer                                    ;
; const          ; 0     ; Signed Integer                                    ;
+----------------+-------+---------------------------------------------------+
Note: In order to hide this table in the UI and the text report file, please set the "Show Parameter Settings in Synthesis Report" option in "Analysis and Synthesis Settings -> More Settings" to "Off".


+-----------------------------------------------------------------------------+
; Parameter Settings for User Entity Instance: Background:inst1|CONSTX:inst20 ;
+----------------+-------+----------------------------------------------------+
; Parameter Name ; Value ; Type                                               ;
+----------------+-------+----------------------------------------------------+
; size           ; 4     ; Signed Integer                                     ;
; const          ; 7     ; Signed Integer                                     ;
+----------------+-------+----------------------------------------------------+
Note: In order to hide this table in the UI and the text report file, please set the "Show Parameter Settings in Synthesis Report" option in "Analysis and Synthesis Settings -> More Settings" to "Off".


+---------------------------------------------------------------------+
; Parameter Settings for User Entity Instance: MP4X:inst17|MP2X:inst1 ;
+----------------+-------+--------------------------------------------+
; Parameter Name ; Value ; Type                                       ;
+----------------+-------+--------------------------------------------+
; size           ; 4     ; Signed Integer                             ;
+----------------+-------+--------------------------------------------+
Note: In order to hide this table in the UI and the text report file, please set the "Show Parameter Settings in Synthesis Report" option in "Analysis and Synthesis Settings -> More Settings" to "Off".


+--------------------------------------------------------------------+
; Parameter Settings for User Entity Instance: MP4X:inst17|MP2X:inst ;
+----------------+-------+-------------------------------------------+
; Parameter Name ; Value ; Type                                      ;
+----------------+-------+-------------------------------------------+
; size           ; 4     ; Signed Integer                            ;
+----------------+-------+-------------------------------------------+
Note: In order to hide this table in the UI and the text report file, please set the "Show Parameter Settings in Synthesis Report" option in "Analysis and Synthesis Settings -> More Settings" to "Off".


+---------------------------------------------------------------------+
; Parameter Settings for User Entity Instance: MP4X:inst17|MP2X:inst2 ;
+----------------+-------+--------------------------------------------+
; Parameter Name ; Value ; Type                                       ;
+----------------+-------+--------------------------------------------+
; size           ; 4     ; Signed Integer                             ;
+----------------+-------+--------------------------------------------+
Note: In order to hide this table in the UI and the text report file, please set the "Show Parameter Settings in Synthesis Report" option in "Analysis and Synthesis Settings -> More Settings" to "Off".


+---------------------------------------------------------------------+
; Parameter Settings for User Entity Instance: MP4X:inst15|MP2X:inst1 ;
+----------------+-------+--------------------------------------------+
; Parameter Name ; Value ; Type                                       ;
+----------------+-------+--------------------------------------------+
; size           ; 4     ; Signed Integer                             ;
+----------------+-------+--------------------------------------------+
Note: In order to hide this table in the UI and the text report file, please set the "Show Parameter Settings in Synthesis Report" option in "Analysis and Synthesis Settings -> More Settings" to "Off".


+--------------------------------------------------------------------+
; Parameter Settings for User Entity Instance: MP4X:inst15|MP2X:inst ;
+----------------+-------+-------------------------------------------+
; Parameter Name ; Value ; Type                                      ;
+----------------+-------+-------------------------------------------+
; size           ; 4     ; Signed Integer                            ;
+----------------+-------+-------------------------------------------+
Note: In order to hide this table in the UI and the text report file, please set the "Show Parameter Settings in Synthesis Report" option in "Analysis and Synthesis Settings -> More Settings" to "Off".


+---------------------------------------------------------------------+
; Parameter Settings for User Entity Instance: MP4X:inst15|MP2X:inst2 ;
+----------------+-------+--------------------------------------------+
; Parameter Name ; Value ; Type                                       ;
+----------------+-------+--------------------------------------------+
; size           ; 4     ; Signed Integer                             ;
+----------------+-------+--------------------------------------------+
Note: In order to hide this table in the UI and the text report file, please set the "Show Parameter Settings in Synthesis Report" option in "Analysis and Synthesis Settings -> More Settings" to "Off".


+-------------------------------+
; Elapsed Time Per Partition    ;
+----------------+--------------+
; Partition Name ; Elapsed Time ;
+----------------+--------------+
; Top            ; 00:00:00     ;
+----------------+--------------+


+-------------------------------+
; Analysis & Synthesis Messages ;
+-------------------------------+
Info: *******************************************************************
Info: Running Quartus II 64-Bit Analysis & Synthesis
    Info: Version 13.1.0 Build 162 10/23/2013 SJ Web Edition
    Info: Processing started: Fri Dec 20 15:36:45 2019
Info: Command: quartus_map --read_settings_files=on --write_settings_files=off Pong -c Pong
Warning (20028): Parallel compilation is not licensed and has been disabled
Info (12021): Found 1 design units, including 1 entities, in source file pong.bdf
    Info (12023): Found entity 1: Pong
Warning (12019): Can't analyze file -- file output_files/KeyDetector.bdf is missing
Info (12021): Found 1 design units, including 1 entities, in source file keydetector.bdf
    Info (12023): Found entity 1: KeyDetector
Info (12021): Found 1 design units, including 1 entities, in source file player1.bdf
    Info (12023): Found entity 1: Player1
Info (12021): Found 1 design units, including 1 entities, in source file mp4x.bdf
    Info (12023): Found entity 1: MP4X
Info (12127): Elaborating entity "Pong" for the top level hierarchy
Warning (275083): Bus "G0[3..0]" found using same base name as "G0", which might lead to a name conflict.
Warning (275083): Bus "G1[3..0]" found using same base name as "G1", which might lead to a name conflict.
Warning (275083): Bus "R0[3..0]" found using same base name as "R0", which might lead to a name conflict.
Warning (275083): Bus "R1[3..0]" found using same base name as "R1", which might lead to a name conflict.
Warning (275083): Bus "R0[3..0]" found using same base name as "R0", which might lead to a name conflict.
Warning (275083): Bus "R1[3..0]" found using same base name as "R1", which might lead to a name conflict.
Warning (275080): Converted elements in bus name "B" using legacy naming rules. Make any assignments on the new names, not on the original names.
    Warning (275081): Converted element name(s) from "B[3..0]" to "B3..0"
    Warning (275081): Converted element name(s) from "B[3..0]" to "B3..0"
Warning (275080): Converted elements in bus name "B0" using legacy naming rules. Make any assignments on the new names, not on the original names.
    Warning (275081): Converted element name(s) from "B0[3..0]" to "B03..0"
Warning (275080): Converted elements in bus name "B1" using legacy naming rules. Make any assignments on the new names, not on the original names.
    Warning (275081): Converted element name(s) from "B1[3..0]" to "B13..0"
Warning (275080): Converted elements in bus name "G" using legacy naming rules. Make any assignments on the new names, not on the original names.
    Warning (275081): Converted element name(s) from "G[3..0]" to "G3..0"
    Warning (275081): Converted element name(s) from "G[3..0]" to "G3..0"
Warning (275080): Converted elements in bus name "G0" using legacy naming rules. Make any assignments on the new names, not on the original names.
    Warning (275081): Converted element name(s) from "G0[3..0]" to "G03..0"
    Warning (275081): Converted element name(s) from "G0[3..0]" to "G03..0"
Warning (275080): Converted elements in bus name "G1" using legacy naming rules. Make any assignments on the new names, not on the original names.
    Warning (275081): Converted element name(s) from "G1[3..0]" to "G13..0"
    Warning (275081): Converted element name(s) from "G1[3..0]" to "G13..0"
Warning (275080): Converted elements in bus name "R" using legacy naming rules. Make any assignments on the new names, not on the original names.
    Warning (275081): Converted element name(s) from "R[3..0]" to "R3..0"
    Warning (275081): Converted element name(s) from "R[3..0]" to "R3..0"
Warning (275080): Converted elements in bus name "R0" using legacy naming rules. Make any assignments on the new names, not on the original names.
    Warning (275081): Converted element name(s) from "R0[3..0]" to "R03..0"
    Warning (275081): Converted element name(s) from "R0[3..0]" to "R03..0"
    Warning (275081): Converted element name(s) from "R0[3..0]" to "R03..0"
Warning (275080): Converted elements in bus name "R1" using legacy naming rules. Make any assignments on the new names, not on the original names.
    Warning (275081): Converted element name(s) from "R1[3..0]" to "R13..0"
    Warning (275081): Converted element name(s) from "R1[3..0]" to "R13..0"
    Warning (275081): Converted element name(s) from "R1[3..0]" to "R13..0"
Warning (12125): Using design file vgacontroller.bdf, which is not specified as a design file for the current project, but contains definitions for 1 design units and 1 entities in project
    Info (12023): Found entity 1: VGAController
Info (12128): Elaborating entity "VGAController" for hierarchy "VGAController:inst"
Warning (12125): Using design file cmpx.vhd, which is not specified as a design file for the current project, but contains definitions for 2 design units and 1 entities in project
    Info (12022): Found design unit 1: CMPX-rtl
    Info (12023): Found entity 1: CMPX
Info (12128): Elaborating entity "CMPX" for hierarchy "VGAController:inst|CMPX:inst7"
Warning (12125): Using design file regx.vhd, which is not specified as a design file for the current project, but contains definitions for 2 design units and 1 entities in project
    Info (12022): Found design unit 1: REGX-rtl
    Info (12023): Found entity 1: REGX
Info (12128): Elaborating entity "REGX" for hierarchy "VGAController:inst|REGX:inst"
Warning (12125): Using design file constx.vhd, which is not specified as a design file for the current project, but contains definitions for 2 design units and 1 entities in project
    Info (12022): Found design unit 1: CONSTX-rtl
    Info (12023): Found entity 1: CONSTX
Info (12128): Elaborating entity "CONSTX" for hierarchy "VGAController:inst|CONSTX:inst4"
Info (12128): Elaborating entity "CONSTX" for hierarchy "VGAController:inst|CONSTX:inst9"
Info (12128): Elaborating entity "CONSTX" for hierarchy "VGAController:inst|CONSTX:inst8"
Info (12128): Elaborating entity "CMPX" for hierarchy "VGAController:inst|CMPX:inst12"
Info (12128): Elaborating entity "REGX" for hierarchy "VGAController:inst|REGX:inst1"
Info (12128): Elaborating entity "CONSTX" for hierarchy "VGAController:inst|CONSTX:inst5"
Info (12128): Elaborating entity "CONSTX" for hierarchy "VGAController:inst|CONSTX:inst14"
Info (12128): Elaborating entity "CONSTX" for hierarchy "VGAController:inst|CONSTX:inst13"
Info (12128): Elaborating entity "CONSTX" for hierarchy "VGAController:inst|CONSTX:inst18"
Info (12128): Elaborating entity "CONSTX" for hierarchy "VGAController:inst|CONSTX:inst17"
Info (12128): Elaborating entity "MP4X" for hierarchy "MP4X:inst19"
Warning (12125): Using design file mp2x.vhd, which is not specified as a design file for the current project, but contains definitions for 2 design units and 1 entities in project
    Info (12022): Found design unit 1: MP2X-rtl
    Info (12023): Found entity 1: MP2X
Info (12128): Elaborating entity "MP2X" for hierarchy "MP4X:inst19|MP2X:inst1"
Info (12128): Elaborating entity "Player1" for hierarchy "Player1:inst10"
Info (12128): Elaborating entity "REGX" for hierarchy "Player1:inst10|REGX:inst1"
Info (12128): Elaborating entity "REGX" for hierarchy "Player1:inst10|REGX:inst"
Info (12128): Elaborating entity "REGX" for hierarchy "Player1:inst10|REGX:inst2"
Info (12128): Elaborating entity "CONSTX" for hierarchy "Player1:inst10|CONSTX:inst23"
Info (12128): Elaborating entity "REGX" for hierarchy "Player1:inst10|REGX:inst7"
Info (12128): Elaborating entity "CONSTX" for hierarchy "Player1:inst10|CONSTX:inst25"
Warning (12125): Using design file clk_divider.vhd, which is not specified as a design file for the current project, but contains definitions for 2 design units and 1 entities in project
    Info (12022): Found design unit 1: CLK_DIVIDER-rtl
    Info (12023): Found entity 1: CLK_DIVIDER
Info (12128): Elaborating entity "CLK_DIVIDER" for hierarchy "Player1:inst10|CLK_DIVIDER:inst12"
Info (12128): Elaborating entity "CONSTX" for hierarchy "Player1:inst10|CONSTX:inst20"
Info (12128): Elaborating entity "KeyDetector" for hierarchy "KeyDetector:inst8"
Warning (12125): Using design file keyboardinterface.bdf, which is not specified as a design file for the current project, but contains definitions for 1 design units and 1 entities in project
    Info (12023): Found entity 1: KeyboardInterface
Info (12128): Elaborating entity "KeyboardInterface" for hierarchy "KeyboardInterface:inst5"
Warning (275008): Primitive "DFF" of instance "inst25" not used
Warning (275008): Primitive "DFFE" of instance "inst28" not used
Warning (275008): Primitive "DFFE" of instance "inst38" not used
Warning (12125): Using design file risingedge.bdf, which is not specified as a design file for the current project, but contains definitions for 1 design units and 1 entities in project
    Info (12023): Found entity 1: RisingEdge
Info (12128): Elaborating entity "RisingEdge" for hierarchy "KeyboardInterface:inst5|RisingEdge:inst29"
Warning (12125): Using design file debouncer.bdf, which is not specified as a design file for the current project, but contains definitions for 1 design units and 1 entities in project
    Info (12023): Found entity 1: Debouncer
Info (12128): Elaborating entity "Debouncer" for hierarchy "KeyboardInterface:inst5|Debouncer:inst40"
Warning (12125): Using design file reg1_inc_cl.bdf, which is not specified as a design file for the current project, but contains definitions for 1 design units and 1 entities in project
    Info (12023): Found entity 1: REG1_INC_CL
Info (12128): Elaborating entity "REG1_INC_CL" for hierarchy "KeyboardInterface:inst5|Debouncer:inst40|REG1_INC_CL:inst2"
Warning (12125): Using design file background.bdf, which is not specified as a design file for the current project, but contains definitions for 1 design units and 1 entities in project
    Info (12023): Found entity 1: Background
Info (12128): Elaborating entity "Background" for hierarchy "Background:inst1"
Warning (275009): Pin "Y" not connected
Info (12128): Elaborating entity "CONSTX" for hierarchy "Background:inst1|CONSTX:inst2"
Info (12128): Elaborating entity "CONSTX" for hierarchy "Background:inst1|CONSTX:inst1"
Info (12128): Elaborating entity "CONSTX" for hierarchy "Background:inst1|CONSTX:inst14"
Info (12128): Elaborating entity "CONSTX" for hierarchy "Background:inst1|CONSTX:inst8"
Info (286030): Timing-Driven Synthesis is running
Info (16010): Generating hard_block partition "hard_block:auto_generated_inst"
    Info (16011): Adding 0 node(s), including 0 DDIO, 0 PLL, 0 transceiver and 0 LCELL
Info (21057): Implemented 236 device resources after synthesis - the final resource count might be different
    Info (21058): Implemented 3 input pins
    Info (21059): Implemented 14 output pins
    Info (21061): Implemented 219 logic cells
Info: Quartus II 64-Bit Analysis & Synthesis was successful. 0 errors, 50 warnings
    Info: Peak virtual memory: 4677 megabytes
    Info: Processing ended: Fri Dec 20 15:36:48 2019
    Info: Elapsed time: 00:00:03
    Info: Total CPU time (on all processors): 00:00:03


